<?xml version="1.0" encoding="UTF-8"?>
<testsuite xmlns:xsi="http://www.w3.org/2001/XMLSchema-instance" xsi:noNamespaceSchemaLocation="https://maven.apache.org/surefire/maven-surefire-plugin/xsd/surefire-test-report.xsd" version="3.0.2" name="com.gamexpress.guess_the_word.guess_the_word.GuessTheWordApplicationTests" time="2.634" tests="1" errors="0" skipped="0" failures="0">
  <properties>
[...]
</properties>
  <testcase name="contextLoads" classname="com.gamexpress.guess_the_word.guess_the_word.GuessTheWordApplicationTests" time="0.658">
    <system-out><![CDATA[17:04:44.886 [main] INFO org.springframework.test.context.support.AnnotationConfigContextLoaderUtils -- Could not detect default configuration classes for test class [com.gamexpress.guess_the_word.guess_the_word.GuessTheWordApplicationTests]: GuessTheWordApplicationTests does not declare any static, non-private, non-final, nested classes annotated with @Configuration.
17:04:44.982 [main] INFO org.springframework.boot.test.context.SpringBootTestContextBootstrapper -- Found @SpringBootConfiguration com.gamexpress.guess_the_word.guess_the_word.GuessTheWordApplication for test class com.gamexpress.guess_the_word.guess_the_word.GuessTheWordApplicationTests
17:04:45.122 [main] INFO org.springframework.boot.devtools.restart.RestartApplicationListener -- Restart disabled due to context in which it is running

  .   ____          _            __ _ _
 /\\ / ___'_ __ _ _(_)_ __  __ _ \ \ \ \
( ( )\___ | '_ | '_| | '_ \/ _` | \ \ \ \
 \\/  ___)| |_)| | | | | || (_| |  ) ) ) )
  '  |____| .__|_| |_|_| |_\__, | / / / /
 =========|_|==============|___/=/_/_/_/

 :: Spring Boot ::                (v3.4.0)

2024-12-20T17:04:45.359+05:30  INFO 20624 --- [guess-the-word] [           main] c.g.g.g.GuessTheWordApplicationTests     : Starting GuessTheWordApplicationTests using Java 21.0.1 with PID 20624 (started by Shruti in C:\Users\shrut\Music\Guess-the-word)
2024-12-20T17:04:45.360+05:30  INFO 20624 --- [guess-the-word] [           main] c.g.g.g.GuessTheWordApplicationTests     : No active profile set, falling back to 1 default profile: "default"
Randomly choosen word is : hello
2024-12-20T17:04:46.702+05:30  INFO 20624 --- [guess-the-word] [           main] c.g.g.g.GuessTheWordApplicationTests     : Started GuessTheWordApplicationTests in 1.591 seconds (process running for 2.454)
]]></system-out>
    <system-err><![CDATA[Mockito is currently self-attaching to enable the inline-mock-maker. This will no longer work in future releases of the JDK. Please add Mockito as an agent to your build what is described in Mockito's documentation: https://javadoc.io/doc/org.mockito/mockito-core/latest/org/mockito/Mockito.html#0.3
WARNING: A Java agent has been loaded dynamically (C:\Users\shrut\.m2\repository\net\bytebuddy\byte-buddy-agent\1.15.10\byte-buddy-agent-1.15.10.jar)
WARNING: If a serviceability tool is in use, please run with -XX:+EnableDynamicAgentLoading to hide this warning
WARNING: If a serviceability tool is not in use, please run with -Djdk.instrument.traceUsage for more information
WARNING: Dynamic loading of agents will be disallowed by default in a future release
]]></system-err>
  </testcase>
</testsuite>